<?xml version="1.0" encoding="UTF-8"?>
<testsuite name="testProject.tests.AddInWishListTests" tests="1" skipped="0" failures="0" errors="0" timestamp="2021-02-04T14:38:26" hostname="DESKTOP-95FJ5G0" time="8.803">
  <properties/>
  <testcase name="addInWishListTest" classname="testProject.tests.AddInWishListTests" time="8.803"/>
  <system-out><![CDATA[]]></system-out>
  <system-err><![CDATA[SLF4J: Failed to load class "org.slf4j.impl.StaticLoggerBinder".
SLF4J: Defaulting to no-operation (NOP) logger implementation
SLF4J: See http://www.slf4j.org/codes.html#StaticLoggerBinder for further details.
1612449479571	geckodriver	INFO	Listening on 127.0.0.1:4563
1612449481481	mozrunner::runner	INFO	Running command: "C:\\Program Files\\Mozilla Firefox\\firefox.exe" "--marionette" "-foreground" "-no-remote" "-profile" "C:\\Users\\kir9l\\AppData\\Local\\Temp\\rust_mozprofilenCtp4K"
Can't find symbol 'eglSwapBuffersWithDamageEXT'.
Can't find symbol 'eglSetDamageRegionKHR'.
console.warn: SearchSettings: "get: No settings file exists, new profile?" (new Error("", "(unknown module)"))
1612449489104	Marionette	INFO	Listening on port 51615
1612449489733	Marionette	WARN	TLS certificate errors will be ignored for this session
фев 04, 2021 9:38:09 PM org.openqa.selenium.remote.ProtocolHandshake createSession
INFO: Detected dialect: W3C
1612449515468	Marionette	INFO	Stopped listening on port 51615

###!!! [Child][RunMessage] Error: Channel closing: too late to send/recv, messages will be lost

]]></system-err>
</testsuite>
