<?xml version="1.0" encoding="UTF-8"?>
<testsuite name="testProject.tests.EditInWishList" tests="1" skipped="0" failures="0" errors="0" timestamp="2021-02-04T14:40:12" hostname="DESKTOP-95FJ5G0" time="55.571">
  <properties/>
  <testcase name="testEditProductInWishList" classname="testProject.tests.EditInWishList" time="55.571"/>
  <system-out><![CDATA[]]></system-out>
  <system-err><![CDATA[1612449586490	geckodriver	INFO	Listening on 127.0.0.1:31527
1612449586946	mozrunner::runner	INFO	Running command: "C:\\Program Files\\Mozilla Firefox\\firefox.exe" "--marionette" "-foreground" "-no-remote" "-profile" "C:\\Users\\kir9l\\AppData\\Local\\Temp\\rust_mozprofilewEPGDy"
Can't find symbol 'eglSwapBuffersWithDamageEXT'.
Can't find symbol 'eglSetDamageRegionKHR'.
console.warn: SearchSettings: "get: No settings file exists, new profile?" (new Error("", "(unknown module)"))
1612449592843	Marionette	INFO	Listening on port 60219
1612449593317	Marionette	WARN	TLS certificate errors will be ignored for this session
фев 04, 2021 9:39:53 PM org.openqa.selenium.remote.ProtocolHandshake createSession
INFO: Detected dialect: W3C
1612449667649	Marionette	INFO	Stopped listening on port 60219

###!!! [Child][RunMessage] Error: Channel closing: too late to send/recv, messages will be lost

]]></system-err>
</testsuite>
