<?xml version="1.0" encoding="UTF-8"?>
<testsuite name="testProject.tests.EditInWishList" tests="1" skipped="0" failures="0" errors="0" timestamp="2021-02-05T08:04:03" hostname="DESKTOP-95FJ5G0" time="37.893">
  <properties/>
  <testcase name="testEditProductInWishList" classname="testProject.tests.EditInWishList" time="37.893"/>
  <system-out><![CDATA[]]></system-out>
  <system-err><![CDATA[1612512218270	geckodriver	INFO	Listening on 127.0.0.1:14597
1612512218729	mozrunner::runner	INFO	Running command: "C:\\Program Files\\Mozilla Firefox\\firefox.exe" "--marionette" "-foreground" "-no-remote" "-profile" "C:\\Users\\kir9l\\AppData\\Local\\Temp\\rust_mozprofileNw0xxm"
Can't find symbol 'eglSwapBuffersWithDamageEXT'.
Can't find symbol 'eglSetDamageRegionKHR'.
console.warn: SearchSettings: "get: No settings file exists, new profile?" (new Error("", "(unknown module)"))
1612512225651	Marionette	INFO	Listening on port 61440
1612512225873	Marionette	WARN	TLS certificate errors will be ignored for this session
фев 05, 2021 3:03:45 PM org.openqa.selenium.remote.ProtocolHandshake createSession
INFO: Detected dialect: W3C
JavaScript error: http://p.2ad.wtf/ad/base.js?id=eea50531f1a393afcf02d064085c86732c12&rid=MdL2xs4EhQ89S91A8yoe4OZWpI4&reg=70&referer=http%3A%2F%2Fautomationpractice.com%2Findex.php&kw=My%2CStore%2CShop%2Cpowered%2Cby%2C%25%25automationpractice%25com%25%25&utcoffset=420&rbt=c,i,h,v, line 514: ReferenceError: _iframeWait is not defined
Can't find symbol 'eglSwapBuffersWithDamageEXT'.
Can't find symbol 'eglSetDamageRegionKHR'.
1612512281675	Marionette	INFO	Stopped listening on port 61440

###!!! [Child][RunMessage] Error: Channel closing: too late to send/recv, messages will be lost


###!!! [Child][RunMessage] Error: Channel closing: too late to send/recv, messages will be lost

]]></system-err>
</testsuite>
