<?xml version="1.0" encoding="UTF-8"?>
<testsuite name="testProject.tests.EditInWishList" tests="1" skipped="0" failures="0" errors="0" timestamp="2021-02-05T08:33:50" hostname="DESKTOP-95FJ5G0" time="34.389">
  <properties/>
  <testcase name="testEditProductInWishList" classname="testProject.tests.EditInWishList" time="34.389"/>
  <system-out><![CDATA[]]></system-out>
  <system-err><![CDATA[1612514010397	geckodriver	INFO	Listening on 127.0.0.1:17558
1612514010737	mozrunner::runner	INFO	Running command: "C:\\Program Files\\Mozilla Firefox\\firefox.exe" "--marionette" "-foreground" "-no-remote" "-profile" "C:\\Users\\kir9l\\AppData\\Local\\Temp\\rust_mozprofileaBbNKH"
Can't find symbol 'eglSwapBuffersWithDamageEXT'.
Can't find symbol 'eglSetDamageRegionKHR'.
console.warn: SearchSettings: "get: No settings file exists, new profile?" (new Error("", "(unknown module)"))
1612514016794	Marionette	INFO	Listening on port 62468
1612514017132	Marionette	WARN	TLS certificate errors will be ignored for this session
фев 05, 2021 3:33:37 PM org.openqa.selenium.remote.ProtocolHandshake createSession
INFO: Detected dialect: W3C
1612514065146	Marionette	INFO	Stopped listening on port 62468

###!!! [Child][RunMessage] Error: Channel closing: too late to send/recv, messages will be lost

]]></system-err>
</testsuite>
