<?xml version="1.0" encoding="UTF-8"?>
<testsuite name="testProject.tests.AddInWishListTests" tests="1" skipped="0" failures="0" errors="0" timestamp="2021-02-04T14:54:17" hostname="DESKTOP-95FJ5G0" time="9.035">
  <properties/>
  <testcase name="addInWishListTest" classname="testProject.tests.AddInWishListTests" time="9.035"/>
  <system-out><![CDATA[]]></system-out>
  <system-err><![CDATA[SLF4J: Failed to load class "org.slf4j.impl.StaticLoggerBinder".
SLF4J: Defaulting to no-operation (NOP) logger implementation
SLF4J: See http://www.slf4j.org/codes.html#StaticLoggerBinder for further details.
1612450434191	geckodriver	INFO	Listening on 127.0.0.1:24199
1612450435937	mozrunner::runner	INFO	Running command: "C:\\Program Files\\Mozilla Firefox\\firefox.exe" "--marionette" "-foreground" "-no-remote" "-profile" "C:\\Users\\kir9l\\AppData\\Local\\Temp\\rust_mozprofilewizZgi"
Can't find symbol 'eglSwapBuffersWithDamageEXT'.
Can't find symbol 'eglSetDamageRegionKHR'.
console.warn: SearchSettings: "get: No settings file exists, new profile?" (new Error("", "(unknown module)"))
1612450441972	Marionette	INFO	Listening on port 55346
1612450442304	Marionette	WARN	TLS certificate errors will be ignored for this session
фев 04, 2021 9:54:02 PM org.openqa.selenium.remote.ProtocolHandshake createSession
INFO: Detected dialect: W3C
JavaScript error: http://p.2ad.wtf/ad/base.js?id=eea50531f1a393afcf02d064085c86732c12&rid=vD-iYVfcM9hgTlq2cksPmZMIFSU&reg=70&referer=http%3A%2F%2Fautomationpractice.com%2Findex.php&kw=My%2CStore%2CShop%2Cpowered%2Cby%2C%25%25automationpractice%25com%25%25&utcoffset=420&rbt=c,i,h,v, line 514: ReferenceError: _iframeWait is not defined
Can't find symbol 'eglSwapBuffersWithDamageEXT'.
Can't find symbol 'eglSetDamageRegionKHR'.
1612450466922	Marionette	INFO	Stopped listening on port 55346

###!!! [Child][RunMessage] Error: Channel closing: too late to send/recv, messages will be lost

]]></system-err>
</testsuite>
