<?xml version="1.0" encoding="UTF-8"?>
<testsuite name="testProject.tests.DeleteItemInWishList" tests="1" skipped="0" failures="0" errors="0" timestamp="2021-02-05T08:34:47" hostname="DESKTOP-95FJ5G0" time="32.557">
  <properties/>
  <testcase name="testDeleteItemInWishList" classname="testProject.tests.DeleteItemInWishList" time="32.557"/>
  <system-out><![CDATA[]]></system-out>
  <system-err><![CDATA[1612514066543	geckodriver	INFO	Listening on 127.0.0.1:25940
1612514067007	mozrunner::runner	INFO	Running command: "C:\\Program Files\\Mozilla Firefox\\firefox.exe" "--marionette" "-foreground" "-no-remote" "-profile" "C:\\Users\\kir9l\\AppData\\Local\\Temp\\rust_mozprofileyoceYF"
Can't find symbol 'eglSwapBuffersWithDamageEXT'.
Can't find symbol 'eglSetDamageRegionKHR'.
console.warn: SearchSettings: "get: No settings file exists, new profile?" (new Error("", "(unknown module)"))
1612514073038	Marionette	INFO	Listening on port 49683
1612514073398	Marionette	WARN	TLS certificate errors will be ignored for this session
фев 05, 2021 3:34:33 PM org.openqa.selenium.remote.ProtocolHandshake createSession
INFO: Detected dialect: W3C
JavaScript error: http://automationpractice.com/index.php, line 68: ReferenceError: osdlfm is not defined
1612514119894	Marionette	INFO	Stopped listening on port 49683

###!!! [Child][RunMessage] Error: Channel closing: too late to send/recv, messages will be lost

]]></system-err>
</testsuite>
