<?xml version="1.0" encoding="UTF-8"?>
<testsuite name="testProject.tests.SearchTest" tests="1" skipped="0" failures="0" errors="0" timestamp="2021-02-05T09:19:34" hostname="DESKTOP-95FJ5G0" time="4.096">
  <properties/>
  <testcase name="testSearchLine" classname="testProject.tests.SearchTest" time="4.096"/>
  <system-out><![CDATA[]]></system-out>
  <system-err><![CDATA[1612516750099	geckodriver	INFO	Listening on 127.0.0.1:34688
1612516752773	mozrunner::runner	INFO	Running command: "C:\\Program Files\\Mozilla Firefox\\firefox.exe" "--marionette" "-foreground" "-no-remote" "-profile" "C:\\Users\\kir9l\\AppData\\Local\\Temp\\rust_mozprofileLGxks5"
Can't find symbol 'eglSwapBuffersWithDamageEXT'.
Can't find symbol 'eglSetDamageRegionKHR'.
console.warn: SearchSettings: "get: No settings file exists, new profile?" (new Error("", "(unknown module)"))
1612516760566	Marionette	INFO	Listening on port 56894
1612516760799	Marionette	WARN	TLS certificate errors will be ignored for this session
фев 05, 2021 4:19:21 PM org.openqa.selenium.remote.ProtocolHandshake createSession
INFO: Detected dialect: W3C
1612516778949	Marionette	INFO	Stopped listening on port 56894

###!!! [Child][RunMessage] Error: Channel closing: too late to send/recv, messages will be lost

]]></system-err>
</testsuite>
