<?xml version="1.0" encoding="UTF-8"?>
<testsuite name="testProject.tests.SearchTest" tests="1" skipped="0" failures="0" errors="0" timestamp="2021-02-04T14:53:20" hostname="DESKTOP-95FJ5G0" time="9.092">
  <properties/>
  <testcase name="testSearchLine" classname="testProject.tests.SearchTest" time="9.092"/>
  <system-out><![CDATA[]]></system-out>
  <system-err><![CDATA[SLF4J: Failed to load class "org.slf4j.impl.StaticLoggerBinder".
SLF4J: Defaulting to no-operation (NOP) logger implementation
SLF4J: See http://www.slf4j.org/codes.html#StaticLoggerBinder for further details.
1612450370581	geckodriver	INFO	Listening on 127.0.0.1:15103
1612450372370	mozrunner::runner	INFO	Running command: "C:\\Program Files\\Mozilla Firefox\\firefox.exe" "--marionette" "-foreground" "-no-remote" "-profile" "C:\\Users\\kir9l\\AppData\\Local\\Temp\\rust_mozprofileRUr13b"
Can't find symbol 'eglSwapBuffersWithDamageEXT'.
Can't find symbol 'eglSetDamageRegionKHR'.
console.warn: SearchSettings: "get: No settings file exists, new profile?" (new Error("", "(unknown module)"))
1612450378574	Marionette	INFO	Listening on port 56623
1612450378793	Marionette	WARN	TLS certificate errors will be ignored for this session
фев 04, 2021 9:52:58 PM org.openqa.selenium.remote.ProtocolHandshake createSession
INFO: Detected dialect: W3C
Can't find symbol 'eglSwapBuffersWithDamageEXT'.
Can't find symbol 'eglSetDamageRegionKHR'.
1612450409658	Marionette	INFO	Stopped listening on port 56623

###!!! [Child][RunMessage] Error: Channel closing: too late to send/recv, messages will be lost

]]></system-err>
</testsuite>
